<?xml version="1.0" encoding="UTF-8"?>
<!-- Generated by org.testng.reporters.JUnitReportReporter -->
<testsuite hostname="LAPTOP-TJT4780Q" failures="0" tests="1" name="MavenSeleniumAutomation123.SeleniumAutomation123.PageFactory_TestCase" time="17.568" errors="0" timestamp="20 Jul 2018 20:37:27 GMT" skipped="0">
  <testcase classname="MavenSeleniumAutomation123.SeleniumAutomation123.PageFactory_TestCase" name="test" time="17.568"/>
</testsuite> <!-- MavenSeleniumAutomation123.SeleniumAutomation123.PageFactory_TestCase -->
